2026-01-22 00:21:00.759 [background-preinit] INFO  o.h.validator.internal.util.Version -- HV000001: Hibernate Validator 8.0.1.Final
2026-01-22 00:21:00.868 [main] INFO  c.n.n.NewsserviceApplication -- Starting NewsserviceApplication using Java 21.0.8 with PID 33768 (C:\Users\ULTRANB\IdeaProjects\Spring\newsservice\build\classes\java\main started by ULTRANB in C:\Users\ULTRANB\IdeaProjects\Spring\newsservice)
2026-01-22 00:21:00.871 [main] INFO  c.n.n.NewsserviceApplication -- No active profile set, falling back to 1 default profile: "default"
2026-01-22 00:21:02.550 [main] INFO  o.s.d.r.c.RepositoryConfigurationDelegate -- Bootstrapping Spring Data JPA repositories in DEFAULT mode.
2026-01-22 00:21:02.694 [main] INFO  o.s.d.r.c.RepositoryConfigurationDelegate -- Finished Spring Data repository scanning in 126 ms. Found 4 JPA repository interfaces.
2026-01-22 00:21:04.060 [main] INFO  o.s.b.w.e.tomcat.TomcatWebServer -- Tomcat initialized with port(s): 8080 (http)
2026-01-22 00:21:04.072 [main] INFO  o.a.coyote.http11.Http11NioProtocol -- Initializing ProtocolHandler ["http-nio-8080"]
2026-01-22 00:21:04.076 [main] INFO  o.a.catalina.core.StandardService -- Starting service [Tomcat]
2026-01-22 00:21:04.076 [main] INFO  o.a.catalina.core.StandardEngine -- Starting Servlet engine: [Apache Tomcat/10.1.11]
2026-01-22 00:21:04.312 [main] INFO  o.a.c.c.C.[Tomcat].[localhost].[/] -- Initializing Spring embedded WebApplicationContext
2026-01-22 00:21:04.313 [main] INFO  o.s.b.w.s.c.ServletWebServerApplicationContext -- Root WebApplicationContext: initialization completed in 3363 ms
2026-01-22 00:21:04.642 [main] INFO  com.zaxxer.hikari.HikariDataSource -- HikariPool-1 - Starting...
2026-01-22 00:21:04.909 [main] INFO  com.zaxxer.hikari.pool.HikariPool -- HikariPool-1 - Added connection org.postgresql.jdbc.PgConnection@11c581a0
2026-01-22 00:21:04.913 [main] INFO  com.zaxxer.hikari.HikariDataSource -- HikariPool-1 - Start completed.
2026-01-22 00:21:05.044 [main] INFO  o.h.jpa.internal.util.LogHelper -- HHH000204: Processing PersistenceUnitInfo [name: default]
2026-01-22 00:21:05.215 [main] INFO  org.hibernate.Version -- HHH000412: Hibernate ORM core version 6.2.6.Final
2026-01-22 00:21:05.221 [main] INFO  org.hibernate.cfg.Environment -- HHH000406: Using bytecode reflection optimizer
2026-01-22 00:21:05.661 [main] INFO  o.h.b.i.BytecodeProviderInitiator -- HHH000021: Bytecode provider name : bytebuddy
2026-01-22 00:21:05.979 [main] INFO  o.s.o.j.p.SpringPersistenceUnitInfo -- No LoadTimeWeaver setup: ignoring JPA class transformer
2026-01-22 00:21:06.544 [main] INFO  o.h.b.i.BytecodeProviderInitiator -- HHH000021: Bytecode provider name : bytebuddy
2026-01-22 00:21:07.930 [main] INFO  o.h.e.t.j.p.i.JtaPlatformInitiator -- HHH000490: Using JtaPlatform implementation: [org.hibernate.engine.transaction.jta.platform.internal.NoJtaPlatform]
2026-01-22 00:21:08.222 [main] INFO  o.s.o.j.LocalContainerEntityManagerFactoryBean -- Initialized JPA EntityManagerFactory for persistence unit 'default'
2026-01-22 00:21:10.131 [main] WARN  o.s.b.a.o.j.JpaBaseConfiguration$JpaWebConfiguration -- spring.jpa.open-in-view is enabled by default. Therefore, database queries may be performed during view rendering. Explicitly configure spring.jpa.open-in-view to disable this warning
2026-01-22 00:21:13.273 [main] INFO  o.a.coyote.http11.Http11NioProtocol -- Starting ProtocolHandler ["http-nio-8080"]
2026-01-22 00:21:13.322 [main] INFO  o.s.b.w.e.tomcat.TomcatWebServer -- Tomcat started on port(s): 8080 (http) with context path ''
2026-01-22 00:21:13.345 [main] INFO  c.n.n.NewsserviceApplication -- Started NewsserviceApplication in 13.582 seconds (process running for 14.195)
2026-01-22 00:21:14.349 [http-nio-8080-exec-1] INFO  o.a.c.c.C.[Tomcat].[localhost].[/] -- Initializing Spring DispatcherServlet 'dispatcherServlet'
2026-01-22 00:21:14.350 [http-nio-8080-exec-1] INFO  o.s.web.servlet.DispatcherServlet -- Initializing Servlet 'dispatcherServlet'
2026-01-22 00:21:14.351 [http-nio-8080-exec-1] INFO  o.s.web.servlet.DispatcherServlet -- Completed initialization in 1 ms
2026-01-22 00:21:14.419 [http-nio-8080-exec-1] INFO  c.n.n.w.i.LoggingControllerInterceptor -- Request:
 method: GET,
 uri: /api/v1/news/filter,
 query: pageSize=20&pageNumber=0&text=%D0%B0%D0%B2%D1%82%D0%BE%D0%BC%D0%BE%D0%B1%D0%B8%D0%BB%D0%B5%D0%B9,
 session: A73849F93663DF65278D6B723DBACEFA

2026-01-22 00:21:14.994 [http-nio-8080-exec-1] INFO  c.n.n.w.i.LoggingControllerInterceptor -- Request:
 method: GET,
 uri: /api/v1/news/filter,
 query: pageSize=20&pageNumber=0&text=%D0%B0%D0%B2%D1%82%D0%BE%D0%BC%D0%BE%D0%B1%D0%B8%D0%BB%D0%B5%D0%B9,
 session: A73849F93663DF65278D6B723DBACEFA
Response:
 http code: 200

2026-01-22 00:21:48.756 [http-nio-8080-exec-3] INFO  o.a.coyote.http11.Http11Processor -- Error parsing HTTP request header
 Note: further occurrences of HTTP request parsing errors will be logged at DEBUG level.
java.lang.IllegalArgumentException: Invalid character found in method name [0x160x030x010x060xe00x010x000x060xdc0x030x03Ci0xd30xa40xca0x82i0xb20xc90xd50xaa0xa20xef0xba0x0b0xbb60xe80x97c0xd3"0x86x0x880x0d0xe440xe72>0x9a ]. HTTP method names must be tokens
	at org.apache.coyote.http11.Http11InputBuffer.parseRequestLine(Http11InputBuffer.java:407)
	at org.apache.coyote.http11.Http11Processor.service(Http11Processor.java:264)
	at org.apache.coyote.AbstractProcessorLight.process(AbstractProcessorLight.java:63)
	at org.apache.coyote.AbstractProtocol$ConnectionHandler.process(AbstractProtocol.java:894)
	at org.apache.tomcat.util.net.NioEndpoint$SocketProcessor.doRun(NioEndpoint.java:1740)
	at org.apache.tomcat.util.net.SocketProcessorBase.run(SocketProcessorBase.java:52)
	at org.apache.tomcat.util.threads.ThreadPoolExecutor.runWorker(ThreadPoolExecutor.java:1191)
	at org.apache.tomcat.util.threads.ThreadPoolExecutor$Worker.run(ThreadPoolExecutor.java:659)
	at org.apache.tomcat.util.threads.TaskThread$WrappingRunnable.run(TaskThread.java:61)
	at java.base/java.lang.Thread.run(Thread.java:1583)
2026-01-22 00:22:00.180 [http-nio-8080-exec-5] INFO  c.n.n.w.i.LoggingControllerInterceptor -- Request:
 method: PUT,
 uri: /api/v1/news/2,
 query: null,
 session: A73849F93663DF65278D6B723DBACEFA

2026-01-22 00:22:00.285 [http-nio-8080-exec-5] INFO  c.n.newsservice.aop.AuthUserAspect -- Check operation:
 nameMethod: update,
 args: [News(id=2, text=Новость о выпуске новых автомобилей из Китая в 2026 году. В 2026 будет 10 новых марок., user=User(id=1, username=Roza, password=pass1234, firstName=Иван, secondName=Иванович, lastName=Иванов, email=ser@mail.ru, createAt=2026-01-21T17:35:27.860074Z, updateAt=2026-01-21T17:35:27.860074Z), category=Category(id=1, category=Горячие новости, createAt=2026-01-21T17:35:35.916132Z, updateAt=2026-01-21T17:35:35.916132Z), createAt=null, updateAt=null)]

2026-01-22 00:22:00.286 [http-nio-8080-exec-5] INFO  c.n.newsservice.aop.AuthUserAspect -- [id]
2026-01-22 00:22:00.286 [http-nio-8080-exec-5] INFO  c.n.newsservice.aop.AuthUserAspect -- [2]
2026-01-22 00:22:00.380 [http-nio-8080-exec-5] INFO  c.n.n.w.i.LoggingControllerInterceptor -- Request:
 method: PUT,
 uri: /api/v1/news/2,
 query: null,
 session: A73849F93663DF65278D6B723DBACEFA
Response:
 http code: 200

2026-01-22 00:23:57.792 [http-nio-8080-exec-8] INFO  c.n.n.w.i.LoggingControllerInterceptor -- Request:
 method: PUT,
 uri: /api/v1/news/2,
 query: null,
 session: A73849F93663DF65278D6B723DBACEFA

2026-01-22 00:23:57.827 [http-nio-8080-exec-8] INFO  c.n.newsservice.aop.AuthUserAspect -- Check operation:
 nameMethod: update,
 args: [News(id=2, text=Новость о выпуске новых автомобилей из Китая в 2026 году. В 2026 будет 10 новых марок., user=User(id=1, username=Roza, password=pass1234, firstName=Иван, secondName=Иванович, lastName=Иванов, email=ser@mail.ru, createAt=2026-01-21T17:35:27.860074Z, updateAt=2026-01-21T17:35:27.860074Z), category=Category(id=1, category=Горячие новости, createAt=2026-01-21T17:35:35.916132Z, updateAt=2026-01-21T17:35:35.916132Z), createAt=null, updateAt=null)]

2026-01-22 00:23:57.828 [http-nio-8080-exec-8] INFO  c.n.newsservice.aop.AuthUserAspect -- [id]
2026-01-22 00:23:57.829 [http-nio-8080-exec-8] INFO  c.n.newsservice.aop.AuthUserAspect -- [2]
2026-01-22 00:23:57.860 [http-nio-8080-exec-8] INFO  c.n.n.w.i.LoggingControllerInterceptor -- Request:
 method: PUT,
 uri: /api/v1/news/2,
 query: null,
 session: A73849F93663DF65278D6B723DBACEFA
Response:
 http code: 200

2026-01-22 00:50:28.653 [http-nio-8080-exec-4] INFO  c.n.n.w.i.LoggingControllerInterceptor -- Request:
 method: DELETE,
 uri: /api/v1/news/10,
 query: null,
 session: A73849F93663DF65278D6B723DBACEFA

2026-01-22 00:50:28.655 [http-nio-8080-exec-4] INFO  c.n.newsservice.aop.AuthUserAspect -- Check operation:
 nameMethod: delete,
 args: [10]

2026-01-22 00:50:28.655 [http-nio-8080-exec-4] INFO  c.n.newsservice.aop.AuthUserAspect -- [id]
2026-01-22 00:50:28.656 [http-nio-8080-exec-4] INFO  c.n.newsservice.aop.AuthUserAspect -- [10]
2026-01-22 00:50:28.676 [http-nio-8080-exec-4] INFO  c.n.n.w.i.LoggingControllerInterceptor -- Request:
 method: DELETE,
 uri: /api/v1/news/10,
 query: null,
 session: A73849F93663DF65278D6B723DBACEFA
Response:
 http code: 404

2026-01-22 00:52:25.676 [background-preinit] INFO  o.h.validator.internal.util.Version -- HV000001: Hibernate Validator 8.0.1.Final
2026-01-22 00:52:25.767 [main] INFO  c.n.n.NewsserviceApplication -- Starting NewsserviceApplication using Java 21.0.8 with PID 32520 (C:\Users\ULTRANB\IdeaProjects\Spring\newsservice\build\classes\java\main started by ULTRANB in C:\Users\ULTRANB\IdeaProjects\Spring\newsservice)
2026-01-22 00:52:25.768 [main] INFO  c.n.n.NewsserviceApplication -- No active profile set, falling back to 1 default profile: "default"
2026-01-22 00:52:27.472 [main] INFO  o.s.d.r.c.RepositoryConfigurationDelegate -- Bootstrapping Spring Data JPA repositories in DEFAULT mode.
2026-01-22 00:52:27.631 [main] INFO  o.s.d.r.c.RepositoryConfigurationDelegate -- Finished Spring Data repository scanning in 137 ms. Found 4 JPA repository interfaces.
2026-01-22 00:52:28.986 [main] INFO  o.s.b.w.e.tomcat.TomcatWebServer -- Tomcat initialized with port(s): 8080 (http)
2026-01-22 00:52:29.000 [main] INFO  o.a.coyote.http11.Http11NioProtocol -- Initializing ProtocolHandler ["http-nio-8080"]
2026-01-22 00:52:29.003 [main] INFO  o.a.catalina.core.StandardService -- Starting service [Tomcat]
2026-01-22 00:52:29.004 [main] INFO  o.a.catalina.core.StandardEngine -- Starting Servlet engine: [Apache Tomcat/10.1.11]
2026-01-22 00:52:29.222 [main] INFO  o.a.c.c.C.[Tomcat].[localhost].[/] -- Initializing Spring embedded WebApplicationContext
2026-01-22 00:52:29.223 [main] INFO  o.s.b.w.s.c.ServletWebServerApplicationContext -- Root WebApplicationContext: initialization completed in 3376 ms
2026-01-22 00:52:29.842 [main] INFO  com.zaxxer.hikari.HikariDataSource -- HikariPool-1 - Starting...
2026-01-22 00:52:30.294 [main] INFO  com.zaxxer.hikari.pool.HikariPool -- HikariPool-1 - Added connection org.postgresql.jdbc.PgConnection@4f3c7808
2026-01-22 00:52:30.299 [main] INFO  com.zaxxer.hikari.HikariDataSource -- HikariPool-1 - Start completed.
2026-01-22 00:52:30.403 [main] INFO  o.h.jpa.internal.util.LogHelper -- HHH000204: Processing PersistenceUnitInfo [name: default]
2026-01-22 00:52:30.517 [main] INFO  org.hibernate.Version -- HHH000412: Hibernate ORM core version 6.2.6.Final
2026-01-22 00:52:30.521 [main] INFO  org.hibernate.cfg.Environment -- HHH000406: Using bytecode reflection optimizer
2026-01-22 00:52:30.872 [main] INFO  o.h.b.i.BytecodeProviderInitiator -- HHH000021: Bytecode provider name : bytebuddy
2026-01-22 00:52:31.125 [main] INFO  o.s.o.j.p.SpringPersistenceUnitInfo -- No LoadTimeWeaver setup: ignoring JPA class transformer
2026-01-22 00:52:31.595 [main] INFO  o.h.b.i.BytecodeProviderInitiator -- HHH000021: Bytecode provider name : bytebuddy
2026-01-22 00:52:32.759 [main] INFO  o.h.e.t.j.p.i.JtaPlatformInitiator -- HHH000490: Using JtaPlatform implementation: [org.hibernate.engine.transaction.jta.platform.internal.NoJtaPlatform]
2026-01-22 00:52:32.972 [main] INFO  o.s.o.j.LocalContainerEntityManagerFactoryBean -- Initialized JPA EntityManagerFactory for persistence unit 'default'
2026-01-22 00:52:34.081 [main] WARN  o.s.b.a.o.j.JpaBaseConfiguration$JpaWebConfiguration -- spring.jpa.open-in-view is enabled by default. Therefore, database queries may be performed during view rendering. Explicitly configure spring.jpa.open-in-view to disable this warning
2026-01-22 00:52:36.106 [main] INFO  o.a.coyote.http11.Http11NioProtocol -- Starting ProtocolHandler ["http-nio-8080"]
2026-01-22 00:52:36.143 [main] INFO  o.s.b.w.e.tomcat.TomcatWebServer -- Tomcat started on port(s): 8080 (http) with context path ''
2026-01-22 00:52:36.159 [main] INFO  c.n.n.NewsserviceApplication -- Started NewsserviceApplication in 11.447 seconds (process running for 12.108)
2026-01-22 00:52:48.049 [http-nio-8080-exec-2] INFO  o.a.c.c.C.[Tomcat].[localhost].[/] -- Initializing Spring DispatcherServlet 'dispatcherServlet'
2026-01-22 00:52:48.050 [http-nio-8080-exec-2] INFO  o.s.web.servlet.DispatcherServlet -- Initializing Servlet 'dispatcherServlet'
2026-01-22 00:52:48.052 [http-nio-8080-exec-2] INFO  o.s.web.servlet.DispatcherServlet -- Completed initialization in 2 ms
2026-01-22 00:52:48.117 [http-nio-8080-exec-2] INFO  c.n.n.w.i.LoggingControllerInterceptor -- 
Request:
 method: DELETE,
 uri: /api/v1/news/10,
 query: null,
 session: 8A959DB6F47A0433920B4D18A84CB656

2026-01-22 00:52:48.151 [http-nio-8080-exec-2] INFO  c.n.newsservice.aop.AuthUserAspect -- 
Check operation:
 username: delete,
 nameMethod: [10],
 args: {}

2026-01-22 00:52:48.152 [http-nio-8080-exec-2] INFO  c.n.newsservice.aop.AuthUserAspect -- execution(void com.news.newsservice.service.impl.NewsServiceImpl.delete(Long))
2026-01-22 00:52:48.152 [http-nio-8080-exec-2] INFO  c.n.newsservice.aop.AuthUserAspect -- [id]
2026-01-22 00:52:48.152 [http-nio-8080-exec-2] INFO  c.n.newsservice.aop.AuthUserAspect -- [10]
2026-01-22 00:52:48.309 [http-nio-8080-exec-2] INFO  c.n.n.w.i.LoggingControllerInterceptor -- 
Request:
 method: DELETE,
 uri: /api/v1/news/10,
 query: null,
 session: 8A959DB6F47A0433920B4D18A84CB656
Response:
 http code: 404

2026-01-22 01:01:48.666 [http-nio-8080-exec-4] INFO  o.a.coyote.http11.Http11Processor -- Error parsing HTTP request header
 Note: further occurrences of HTTP request parsing errors will be logged at DEBUG level.
java.lang.IllegalArgumentException: Invalid character found in method name [0x160x030x010x060xa00x010x000x060x9c0x030x030x810x8c0xa20x0e0x910x0et0xf0@0xaam10xa4|0x0c0x890x8b0xe0M0xf370xa4>0xe70x01OR0x920xe30x010xd40xb2 ]. HTTP method names must be tokens
	at org.apache.coyote.http11.Http11InputBuffer.parseRequestLine(Http11InputBuffer.java:407)
	at org.apache.coyote.http11.Http11Processor.service(Http11Processor.java:264)
	at org.apache.coyote.AbstractProcessorLight.process(AbstractProcessorLight.java:63)
	at org.apache.coyote.AbstractProtocol$ConnectionHandler.process(AbstractProtocol.java:894)
	at org.apache.tomcat.util.net.NioEndpoint$SocketProcessor.doRun(NioEndpoint.java:1740)
	at org.apache.tomcat.util.net.SocketProcessorBase.run(SocketProcessorBase.java:52)
	at org.apache.tomcat.util.threads.ThreadPoolExecutor.runWorker(ThreadPoolExecutor.java:1191)
	at org.apache.tomcat.util.threads.ThreadPoolExecutor$Worker.run(ThreadPoolExecutor.java:659)
	at org.apache.tomcat.util.threads.TaskThread$WrappingRunnable.run(TaskThread.java:61)
	at java.base/java.lang.Thread.run(Thread.java:1583)
2026-01-22 01:03:34.548 [background-preinit] INFO  o.h.validator.internal.util.Version -- HV000001: Hibernate Validator 8.0.1.Final
2026-01-22 01:03:34.629 [main] INFO  c.n.n.NewsserviceApplication -- Starting NewsserviceApplication using Java 21.0.8 with PID 14220 (C:\Users\ULTRANB\IdeaProjects\Spring\newsservice\build\classes\java\main started by ULTRANB in C:\Users\ULTRANB\IdeaProjects\Spring\newsservice)
2026-01-22 01:03:34.631 [main] INFO  c.n.n.NewsserviceApplication -- No active profile set, falling back to 1 default profile: "default"
2026-01-22 01:03:36.181 [main] INFO  o.s.d.r.c.RepositoryConfigurationDelegate -- Bootstrapping Spring Data JPA repositories in DEFAULT mode.
2026-01-22 01:03:36.322 [main] INFO  o.s.d.r.c.RepositoryConfigurationDelegate -- Finished Spring Data repository scanning in 126 ms. Found 4 JPA repository interfaces.
2026-01-22 01:03:37.698 [main] INFO  o.s.b.w.e.tomcat.TomcatWebServer -- Tomcat initialized with port(s): 8080 (http)
2026-01-22 01:03:37.714 [main] INFO  o.a.coyote.http11.Http11NioProtocol -- Initializing ProtocolHandler ["http-nio-8080"]
2026-01-22 01:03:37.718 [main] INFO  o.a.catalina.core.StandardService -- Starting service [Tomcat]
2026-01-22 01:03:37.719 [main] INFO  o.a.catalina.core.StandardEngine -- Starting Servlet engine: [Apache Tomcat/10.1.11]
2026-01-22 01:03:37.935 [main] INFO  o.a.c.c.C.[Tomcat].[localhost].[/] -- Initializing Spring embedded WebApplicationContext
2026-01-22 01:03:37.936 [main] INFO  o.s.b.w.s.c.ServletWebServerApplicationContext -- Root WebApplicationContext: initialization completed in 3221 ms
2026-01-22 01:03:38.242 [main] INFO  com.zaxxer.hikari.HikariDataSource -- HikariPool-1 - Starting...
2026-01-22 01:03:38.447 [main] INFO  com.zaxxer.hikari.pool.HikariPool -- HikariPool-1 - Added connection org.postgresql.jdbc.PgConnection@3de79067
2026-01-22 01:03:38.450 [main] INFO  com.zaxxer.hikari.HikariDataSource -- HikariPool-1 - Start completed.
2026-01-22 01:03:38.538 [main] INFO  o.h.jpa.internal.util.LogHelper -- HHH000204: Processing PersistenceUnitInfo [name: default]
2026-01-22 01:03:38.654 [main] INFO  org.hibernate.Version -- HHH000412: Hibernate ORM core version 6.2.6.Final
2026-01-22 01:03:38.658 [main] INFO  org.hibernate.cfg.Environment -- HHH000406: Using bytecode reflection optimizer
2026-01-22 01:03:38.968 [main] INFO  o.h.b.i.BytecodeProviderInitiator -- HHH000021: Bytecode provider name : bytebuddy
2026-01-22 01:03:39.230 [main] INFO  o.s.o.j.p.SpringPersistenceUnitInfo -- No LoadTimeWeaver setup: ignoring JPA class transformer
2026-01-22 01:03:39.754 [main] INFO  o.h.b.i.BytecodeProviderInitiator -- HHH000021: Bytecode provider name : bytebuddy
2026-01-22 01:03:41.383 [main] INFO  o.h.e.t.j.p.i.JtaPlatformInitiator -- HHH000490: Using JtaPlatform implementation: [org.hibernate.engine.transaction.jta.platform.internal.NoJtaPlatform]
2026-01-22 01:03:41.564 [main] INFO  o.s.o.j.LocalContainerEntityManagerFactoryBean -- Initialized JPA EntityManagerFactory for persistence unit 'default'
2026-01-22 01:03:42.654 [main] WARN  o.s.b.a.o.j.JpaBaseConfiguration$JpaWebConfiguration -- spring.jpa.open-in-view is enabled by default. Therefore, database queries may be performed during view rendering. Explicitly configure spring.jpa.open-in-view to disable this warning
2026-01-22 01:03:44.899 [main] INFO  o.a.coyote.http11.Http11NioProtocol -- Starting ProtocolHandler ["http-nio-8080"]
2026-01-22 01:03:44.947 [main] INFO  o.s.b.w.e.tomcat.TomcatWebServer -- Tomcat started on port(s): 8080 (http) with context path ''
2026-01-22 01:03:44.965 [main] INFO  c.n.n.NewsserviceApplication -- Started NewsserviceApplication in 11.323 seconds (process running for 12.002)
2026-01-22 01:03:53.911 [http-nio-8080-exec-1] INFO  o.a.c.c.C.[Tomcat].[localhost].[/] -- Initializing Spring DispatcherServlet 'dispatcherServlet'
2026-01-22 01:03:53.911 [http-nio-8080-exec-1] INFO  o.s.web.servlet.DispatcherServlet -- Initializing Servlet 'dispatcherServlet'
2026-01-22 01:03:53.912 [http-nio-8080-exec-1] INFO  o.s.web.servlet.DispatcherServlet -- Completed initialization in 1 ms
2026-01-22 01:03:53.978 [http-nio-8080-exec-1] INFO  c.n.n.w.i.LoggingControllerInterceptor -- 
Request:
 method: DELETE,
 uri: /api/v1/news/10,
 query: null,
 session: ADD9812581C6DC53C56F5D6B5E86DB26

2026-01-22 01:03:54.014 [http-nio-8080-exec-1] INFO  c.n.n.w.i.LoggingControllerInterceptor -- 
Request:
 method: DELETE,
 uri: /api/v1/news/10,
 query: null,
 session: ADD9812581C6DC53C56F5D6B5E86DB26
Response:
 http code: 200

2026-01-22 01:03:54.015 [http-nio-8080-exec-1] ERROR o.a.c.c.C.[.[.[.[dispatcherServlet] -- Servlet.service() for servlet [dispatcherServlet] in context with path [] threw exception [Request processing failed: com.news.newsservice.exception.OperationUnauthorizedException: Операция недоступна] with root cause
com.news.newsservice.exception.OperationUnauthorizedException: Операция недоступна
	at com.news.newsservice.aop.AuthUserAspect.authUserBefore(AuthUserAspect.java:41)
	at java.base/jdk.internal.reflect.DirectMethodHandleAccessor.invoke(DirectMethodHandleAccessor.java:103)
	at java.base/java.lang.reflect.Method.invoke(Method.java:580)
	at org.springframework.aop.aspectj.AbstractAspectJAdvice.invokeAdviceMethodWithGivenArgs(AbstractAspectJAdvice.java:637)
	at org.springframework.aop.aspectj.AbstractAspectJAdvice.invokeAdviceMethod(AbstractAspectJAdvice.java:620)
	at org.springframework.aop.aspectj.AspectJMethodBeforeAdvice.before(AspectJMethodBeforeAdvice.java:44)
	at org.springframework.aop.framework.adapter.MethodBeforeAdviceInterceptor.invoke(MethodBeforeAdviceInterceptor.java:57)
	at org.springframework.aop.framework.ReflectiveMethodInvocation.proceed(ReflectiveMethodInvocation.java:173)
	at org.springframework.aop.framework.CglibAopProxy$CglibMethodInvocation.proceed(CglibAopProxy.java:756)
	at org.springframework.aop.interceptor.ExposeInvocationInterceptor.invoke(ExposeInvocationInterceptor.java:97)
	at org.springframework.aop.framework.ReflectiveMethodInvocation.proceed(ReflectiveMethodInvocation.java:184)
	at org.springframework.aop.framework.CglibAopProxy$CglibMethodInvocation.proceed(CglibAopProxy.java:756)
	at org.springframework.aop.framework.CglibAopProxy$DynamicAdvisedInterceptor.intercept(CglibAopProxy.java:708)
	at com.news.newsservice.service.impl.NewsServiceImpl$$SpringCGLIB$$0.delete(<generated>)
	at com.news.newsservice.web.controller.v1.NewsController.delete(NewsController.java:189)
	at java.base/jdk.internal.reflect.DirectMethodHandleAccessor.invoke(DirectMethodHandleAccessor.java:103)
	at java.base/java.lang.reflect.Method.invoke(Method.java:580)
	at org.springframework.web.method.support.InvocableHandlerMethod.doInvoke(InvocableHandlerMethod.java:205)
	at org.springframework.web.method.support.InvocableHandlerMethod.invokeForRequest(InvocableHandlerMethod.java:150)
	at org.springframework.web.servlet.mvc.method.annotation.ServletInvocableHandlerMethod.invokeAndHandle(ServletInvocableHandlerMethod.java:118)
	at org.springframework.web.servlet.mvc.method.annotation.RequestMappingHandlerAdapter.invokeHandlerMethod(RequestMappingHandlerAdapter.java:884)
	at org.springframework.web.servlet.mvc.method.annotation.RequestMappingHandlerAdapter.handleInternal(RequestMappingHandlerAdapter.java:797)
	at org.springframework.web.servlet.mvc.method.AbstractHandlerMethodAdapter.handle(AbstractHandlerMethodAdapter.java:87)
	at org.springframework.web.servlet.DispatcherServlet.doDispatch(DispatcherServlet.java:1081)
	at org.springframework.web.servlet.DispatcherServlet.doService(DispatcherServlet.java:974)
	at org.springframework.web.servlet.FrameworkServlet.processRequest(FrameworkServlet.java:1011)
	at org.springframework.web.servlet.FrameworkServlet.doDelete(FrameworkServlet.java:936)
	at jakarta.servlet.http.HttpServlet.service(HttpServlet.java:596)
	at org.springframework.web.servlet.FrameworkServlet.service(FrameworkServlet.java:885)
	at jakarta.servlet.http.HttpServlet.service(HttpServlet.java:658)
	at org.apache.catalina.core.ApplicationFilterChain.internalDoFilter(ApplicationFilterChain.java:205)
	at org.apache.catalina.core.ApplicationFilterChain.doFilter(ApplicationFilterChain.java:149)
	at org.apache.tomcat.websocket.server.WsFilter.doFilter(WsFilter.java:51)
	at org.apache.catalina.core.ApplicationFilterChain.internalDoFilter(ApplicationFilterChain.java:174)
	at org.apache.catalina.core.ApplicationFilterChain.doFilter(ApplicationFilterChain.java:149)
	at org.springframework.web.servlet.resource.ResourceUrlEncodingFilter.doFilter(ResourceUrlEncodingFilter.java:66)
	at org.apache.catalina.core.ApplicationFilterChain.internalDoFilter(ApplicationFilterChain.java:174)
	at org.apache.catalina.core.ApplicationFilterChain.doFilter(ApplicationFilterChain.java:149)
	at org.springframework.web.filter.RequestContextFilter.doFilterInternal(RequestContextFilter.java:100)
	at org.springframework.web.filter.OncePerRequestFilter.doFilter(OncePerRequestFilter.java:116)
	at org.apache.catalina.core.ApplicationFilterChain.internalDoFilter(ApplicationFilterChain.java:174)
	at org.apache.catalina.core.ApplicationFilterChain.doFilter(ApplicationFilterChain.java:149)
	at org.springframework.web.filter.FormContentFilter.doFilterInternal(FormContentFilter.java:93)
	at org.springframework.web.filter.OncePerRequestFilter.doFilter(OncePerRequestFilter.java:116)
	at org.apache.catalina.core.ApplicationFilterChain.internalDoFilter(ApplicationFilterChain.java:174)
	at org.apache.catalina.core.ApplicationFilterChain.doFilter(ApplicationFilterChain.java:149)
	at org.springframework.web.filter.CharacterEncodingFilter.doFilterInternal(CharacterEncodingFilter.java:201)
	at org.springframework.web.filter.OncePerRequestFilter.doFilter(OncePerRequestFilter.java:116)
	at org.apache.catalina.core.ApplicationFilterChain.internalDoFilter(ApplicationFilterChain.java:174)
	at org.apache.catalina.core.ApplicationFilterChain.doFilter(ApplicationFilterChain.java:149)
	at org.apache.catalina.core.StandardWrapperValve.invoke(StandardWrapperValve.java:166)
	at org.apache.catalina.core.StandardContextValve.invoke(StandardContextValve.java:90)
	at org.apache.catalina.authenticator.AuthenticatorBase.invoke(AuthenticatorBase.java:482)
	at org.apache.catalina.core.StandardHostValve.invoke(StandardHostValve.java:115)
	at org.apache.catalina.valves.ErrorReportValve.invoke(ErrorReportValve.java:93)
	at org.apache.catalina.core.StandardEngineValve.invoke(StandardEngineValve.java:74)
	at org.apache.catalina.connector.CoyoteAdapter.service(CoyoteAdapter.java:341)
	at org.apache.coyote.http11.Http11Processor.service(Http11Processor.java:391)
	at org.apache.coyote.AbstractProcessorLight.process(AbstractProcessorLight.java:63)
	at org.apache.coyote.AbstractProtocol$ConnectionHandler.process(AbstractProtocol.java:894)
	at org.apache.tomcat.util.net.NioEndpoint$SocketProcessor.doRun(NioEndpoint.java:1740)
	at org.apache.tomcat.util.net.SocketProcessorBase.run(SocketProcessorBase.java:52)
	at org.apache.tomcat.util.threads.ThreadPoolExecutor.runWorker(ThreadPoolExecutor.java:1191)
	at org.apache.tomcat.util.threads.ThreadPoolExecutor$Worker.run(ThreadPoolExecutor.java:659)
	at org.apache.tomcat.util.threads.TaskThread$WrappingRunnable.run(TaskThread.java:61)
	at java.base/java.lang.Thread.run(Thread.java:1583)
2026-01-22 01:03:54.035 [http-nio-8080-exec-1] INFO  c.n.n.w.i.LoggingControllerInterceptor -- 
Request:
 method: DELETE,
 uri: /error,
 query: null,
 session: ADD9812581C6DC53C56F5D6B5E86DB26

2026-01-22 01:03:54.116 [http-nio-8080-exec-1] INFO  c.n.n.w.i.LoggingControllerInterceptor -- 
Request:
 method: DELETE,
 uri: /error,
 query: null,
 session: ADD9812581C6DC53C56F5D6B5E86DB26
Response:
 http code: 500

2026-01-22 01:06:32.837 [background-preinit] INFO  o.h.validator.internal.util.Version -- HV000001: Hibernate Validator 8.0.1.Final
2026-01-22 01:06:32.948 [main] INFO  c.n.n.NewsserviceApplication -- Starting NewsserviceApplication using Java 21.0.8 with PID 13548 (C:\Users\ULTRANB\IdeaProjects\Spring\newsservice\build\classes\java\main started by ULTRANB in C:\Users\ULTRANB\IdeaProjects\Spring\newsservice)
2026-01-22 01:06:32.950 [main] INFO  c.n.n.NewsserviceApplication -- No active profile set, falling back to 1 default profile: "default"
2026-01-22 01:06:34.801 [main] INFO  o.s.d.r.c.RepositoryConfigurationDelegate -- Bootstrapping Spring Data JPA repositories in DEFAULT mode.
2026-01-22 01:06:34.988 [main] INFO  o.s.d.r.c.RepositoryConfigurationDelegate -- Finished Spring Data repository scanning in 156 ms. Found 4 JPA repository interfaces.
2026-01-22 01:06:36.443 [main] INFO  o.s.b.w.e.tomcat.TomcatWebServer -- Tomcat initialized with port(s): 8080 (http)
2026-01-22 01:06:36.466 [main] INFO  o.a.coyote.http11.Http11NioProtocol -- Initializing ProtocolHandler ["http-nio-8080"]
2026-01-22 01:06:36.472 [main] INFO  o.a.catalina.core.StandardService -- Starting service [Tomcat]
2026-01-22 01:06:36.472 [main] INFO  o.a.catalina.core.StandardEngine -- Starting Servlet engine: [Apache Tomcat/10.1.11]
2026-01-22 01:06:36.725 [main] INFO  o.a.c.c.C.[Tomcat].[localhost].[/] -- Initializing Spring embedded WebApplicationContext
2026-01-22 01:06:36.726 [main] INFO  o.s.b.w.s.c.ServletWebServerApplicationContext -- Root WebApplicationContext: initialization completed in 3678 ms
2026-01-22 01:06:37.053 [main] INFO  com.zaxxer.hikari.HikariDataSource -- HikariPool-1 - Starting...
2026-01-22 01:06:37.231 [main] INFO  com.zaxxer.hikari.pool.HikariPool -- HikariPool-1 - Added connection org.postgresql.jdbc.PgConnection@70be89ec
2026-01-22 01:06:37.235 [main] INFO  com.zaxxer.hikari.HikariDataSource -- HikariPool-1 - Start completed.
2026-01-22 01:06:37.327 [main] INFO  o.h.jpa.internal.util.LogHelper -- HHH000204: Processing PersistenceUnitInfo [name: default]
2026-01-22 01:06:37.467 [main] INFO  org.hibernate.Version -- HHH000412: Hibernate ORM core version 6.2.6.Final
2026-01-22 01:06:37.471 [main] INFO  org.hibernate.cfg.Environment -- HHH000406: Using bytecode reflection optimizer
2026-01-22 01:06:37.964 [main] INFO  o.h.b.i.BytecodeProviderInitiator -- HHH000021: Bytecode provider name : bytebuddy
2026-01-22 01:06:38.255 [main] INFO  o.s.o.j.p.SpringPersistenceUnitInfo -- No LoadTimeWeaver setup: ignoring JPA class transformer
2026-01-22 01:06:38.721 [main] INFO  o.h.b.i.BytecodeProviderInitiator -- HHH000021: Bytecode provider name : bytebuddy
2026-01-22 01:06:39.813 [main] INFO  o.h.e.t.j.p.i.JtaPlatformInitiator -- HHH000490: Using JtaPlatform implementation: [org.hibernate.engine.transaction.jta.platform.internal.NoJtaPlatform]
2026-01-22 01:06:40.010 [main] INFO  o.s.o.j.LocalContainerEntityManagerFactoryBean -- Initialized JPA EntityManagerFactory for persistence unit 'default'
2026-01-22 01:06:41.461 [main] WARN  o.s.b.a.o.j.JpaBaseConfiguration$JpaWebConfiguration -- spring.jpa.open-in-view is enabled by default. Therefore, database queries may be performed during view rendering. Explicitly configure spring.jpa.open-in-view to disable this warning
2026-01-22 01:06:43.558 [main] INFO  o.a.coyote.http11.Http11NioProtocol -- Starting ProtocolHandler ["http-nio-8080"]
2026-01-22 01:06:43.638 [main] INFO  o.s.b.w.e.tomcat.TomcatWebServer -- Tomcat started on port(s): 8080 (http) with context path ''
2026-01-22 01:06:43.665 [main] INFO  c.n.n.NewsserviceApplication -- Started NewsserviceApplication in 11.726 seconds (process running for 12.377)
2026-01-22 01:06:46.988 [http-nio-8080-exec-1] INFO  o.a.c.c.C.[Tomcat].[localhost].[/] -- Initializing Spring DispatcherServlet 'dispatcherServlet'
2026-01-22 01:06:46.989 [http-nio-8080-exec-1] INFO  o.s.web.servlet.DispatcherServlet -- Initializing Servlet 'dispatcherServlet'
2026-01-22 01:06:46.991 [http-nio-8080-exec-1] INFO  o.s.web.servlet.DispatcherServlet -- Completed initialization in 2 ms
2026-01-22 01:06:47.056 [http-nio-8080-exec-1] INFO  c.n.n.w.i.LoggingControllerInterceptor -- 
Request:
 method: DELETE,
 uri: /api/v1/news/10,
 query: null,
 session: 2643812712E4BD8BDBDE8A012FA9D77F

2026-01-22 01:06:47.176 [http-nio-8080-exec-1] INFO  c.n.n.w.i.LoggingControllerInterceptor -- 
Request:
 method: DELETE,
 uri: /api/v1/news/10,
 query: null,
 session: 2643812712E4BD8BDBDE8A012FA9D77F
Response:
 http code: 401

2026-01-22 01:06:58.459 [http-nio-8080-exec-4] INFO  c.n.n.w.i.LoggingControllerInterceptor -- 
Request:
 method: DELETE,
 uri: /api/v1/news/10,
 query: null,
 session: 2643812712E4BD8BDBDE8A012FA9D77F

2026-01-22 01:06:58.464 [http-nio-8080-exec-4] INFO  c.n.newsservice.aop.AuthUserAspect -- 
Check operation:
 username: Ben,
 nameMethod: delete,
 args: [10]

2026-01-22 01:06:58.651 [http-nio-8080-exec-4] INFO  c.n.n.w.i.LoggingControllerInterceptor -- 
Request:
 method: DELETE,
 uri: /api/v1/news/10,
 query: null,
 session: 2643812712E4BD8BDBDE8A012FA9D77F
Response:
 http code: 404

2026-01-22 01:07:37.279 [http-nio-8080-exec-3] WARN  o.s.w.s.m.s.DefaultHandlerExceptionResolver -- Resolved [org.springframework.web.HttpRequestMethodNotSupportedException: Request method 'DELETE' is not supported]
2026-01-22 01:07:37.285 [http-nio-8080-exec-3] INFO  c.n.n.w.i.LoggingControllerInterceptor -- 
Request:
 method: DELETE,
 uri: /error,
 query: null,
 session: 2643812712E4BD8BDBDE8A012FA9D77F

2026-01-22 01:07:37.308 [http-nio-8080-exec-3] INFO  c.n.n.w.i.LoggingControllerInterceptor -- 
Request:
 method: DELETE,
 uri: /error,
 query: null,
 session: 2643812712E4BD8BDBDE8A012FA9D77F
Response:
 http code: 405

2026-01-22 01:07:40.775 [http-nio-8080-exec-6] INFO  c.n.n.w.i.LoggingControllerInterceptor -- 
Request:
 method: DELETE,
 uri: /api/v1/news/,
 query: null,
 session: 2643812712E4BD8BDBDE8A012FA9D77F

2026-01-22 01:07:40.782 [http-nio-8080-exec-6] INFO  c.n.n.w.i.LoggingControllerInterceptor -- 
Request:
 method: DELETE,
 uri: /api/v1/news/,
 query: null,
 session: 2643812712E4BD8BDBDE8A012FA9D77F
Response:
 http code: 404

2026-01-22 01:07:40.784 [http-nio-8080-exec-6] INFO  c.n.n.w.i.LoggingControllerInterceptor -- 
Request:
 method: DELETE,
 uri: /error,
 query: null,
 session: 2643812712E4BD8BDBDE8A012FA9D77F

2026-01-22 01:07:40.787 [http-nio-8080-exec-6] INFO  c.n.n.w.i.LoggingControllerInterceptor -- 
Request:
 method: DELETE,
 uri: /error,
 query: null,
 session: 2643812712E4BD8BDBDE8A012FA9D77F
Response:
 http code: 404

2026-01-22 01:07:57.315 [http-nio-8080-exec-8] INFO  c.n.n.w.i.LoggingControllerInterceptor -- 
Request:
 method: DELETE,
 uri: /api/v1/news/10,
 query: null,
 session: 2643812712E4BD8BDBDE8A012FA9D77F

2026-01-22 01:07:57.316 [http-nio-8080-exec-8] INFO  c.n.newsservice.aop.AuthUserAspect -- 
Check operation:
 username: Ben,
 nameMethod: delete,
 args: [10]

2026-01-22 01:07:57.332 [http-nio-8080-exec-8] INFO  c.n.n.w.i.LoggingControllerInterceptor -- 
Request:
 method: DELETE,
 uri: /api/v1/news/10,
 query: null,
 session: 2643812712E4BD8BDBDE8A012FA9D77F
Response:
 http code: 404

2026-01-22 01:11:13.017 [http-nio-8080-exec-5] INFO  c.n.n.w.i.LoggingControllerInterceptor -- 
Request:
 method: GET,
 uri: /api/v1/news/2,
 query: null,
 session: 2643812712E4BD8BDBDE8A012FA9D77F

2026-01-22 01:11:13.099 [http-nio-8080-exec-5] INFO  c.n.n.w.i.LoggingControllerInterceptor -- 
Request:
 method: GET,
 uri: /api/v1/news/2,
 query: null,
 session: 2643812712E4BD8BDBDE8A012FA9D77F
Response:
 http code: 200

2026-01-22 01:11:24.684 [http-nio-8080-exec-7] INFO  c.n.n.w.i.LoggingControllerInterceptor -- 
Request:
 method: DELETE,
 uri: /api/v1/news/2,
 query: null,
 session: 2643812712E4BD8BDBDE8A012FA9D77F

2026-01-22 01:11:24.685 [http-nio-8080-exec-7] INFO  c.n.newsservice.aop.AuthUserAspect -- 
Check operation:
 username: Ben,
 nameMethod: delete,
 args: [2]

2026-01-22 01:11:24.697 [http-nio-8080-exec-7] INFO  c.n.n.w.i.LoggingControllerInterceptor -- 
Request:
 method: DELETE,
 uri: /api/v1/news/2,
 query: null,
 session: 2643812712E4BD8BDBDE8A012FA9D77F
Response:
 http code: 401

2026-01-22 01:11:49.188 [http-nio-8080-exec-2] INFO  o.a.coyote.http11.Http11Processor -- Error parsing HTTP request header
 Note: further occurrences of HTTP request parsing errors will be logged at DEBUG level.
java.lang.IllegalArgumentException: Invalid character found in method name [0x160x030x010x070x000x010x000x060xfc0x030x03<0xc80xf80x1de0x130x9f0x9feHO0x020xba_0xb30x190x920xf3F0xad|vF0x8c0xb00xbf0xdc ]. HTTP method names must be tokens
	at org.apache.coyote.http11.Http11InputBuffer.parseRequestLine(Http11InputBuffer.java:407)
	at org.apache.coyote.http11.Http11Processor.service(Http11Processor.java:264)
	at org.apache.coyote.AbstractProcessorLight.process(AbstractProcessorLight.java:63)
	at org.apache.coyote.AbstractProtocol$ConnectionHandler.process(AbstractProtocol.java:894)
	at org.apache.tomcat.util.net.NioEndpoint$SocketProcessor.doRun(NioEndpoint.java:1740)
	at org.apache.tomcat.util.net.SocketProcessorBase.run(SocketProcessorBase.java:52)
	at org.apache.tomcat.util.threads.ThreadPoolExecutor.runWorker(ThreadPoolExecutor.java:1191)
	at org.apache.tomcat.util.threads.ThreadPoolExecutor$Worker.run(ThreadPoolExecutor.java:659)
	at org.apache.tomcat.util.threads.TaskThread$WrappingRunnable.run(TaskThread.java:61)
	at java.base/java.lang.Thread.run(Thread.java:1583)
2026-01-22 01:12:05.166 [http-nio-8080-exec-4] INFO  c.n.n.w.i.LoggingControllerInterceptor -- 
Request:
 method: DELETE,
 uri: /api/v1/news/2,
 query: null,
 session: 2643812712E4BD8BDBDE8A012FA9D77F

2026-01-22 01:12:05.167 [http-nio-8080-exec-4] INFO  c.n.newsservice.aop.AuthUserAspect -- 
Check operation:
 username: Roza,
 nameMethod: delete,
 args: [2]

2026-01-22 01:12:05.257 [http-nio-8080-exec-4] INFO  c.n.n.w.i.LoggingControllerInterceptor -- 
Request:
 method: DELETE,
 uri: /api/v1/news/2,
 query: null,
 session: 2643812712E4BD8BDBDE8A012FA9D77F
Response:
 http code: 204

2026-01-22 01:31:35.800 [background-preinit] INFO  o.h.validator.internal.util.Version -- HV000001: Hibernate Validator 8.0.1.Final
2026-01-22 01:31:35.889 [main] INFO  c.n.n.NewsserviceApplication -- Starting NewsserviceApplication using Java 21.0.8 with PID 31984 (C:\Users\ULTRANB\IdeaProjects\Spring\newsservice\build\classes\java\main started by ULTRANB in C:\Users\ULTRANB\IdeaProjects\Spring\newsservice)
2026-01-22 01:31:35.890 [main] INFO  c.n.n.NewsserviceApplication -- No active profile set, falling back to 1 default profile: "default"
2026-01-22 01:31:37.541 [main] INFO  o.s.d.r.c.RepositoryConfigurationDelegate -- Bootstrapping Spring Data JPA repositories in DEFAULT mode.
2026-01-22 01:31:37.671 [main] INFO  o.s.d.r.c.RepositoryConfigurationDelegate -- Finished Spring Data repository scanning in 117 ms. Found 4 JPA repository interfaces.
2026-01-22 01:31:39.648 [main] INFO  o.s.b.w.e.tomcat.TomcatWebServer -- Tomcat initialized with port(s): 8080 (http)
2026-01-22 01:31:39.669 [main] INFO  o.a.coyote.http11.Http11NioProtocol -- Initializing ProtocolHandler ["http-nio-8080"]
2026-01-22 01:31:39.675 [main] INFO  o.a.catalina.core.StandardService -- Starting service [Tomcat]
2026-01-22 01:31:39.676 [main] INFO  o.a.catalina.core.StandardEngine -- Starting Servlet engine: [Apache Tomcat/10.1.11]
2026-01-22 01:31:40.083 [main] INFO  o.a.c.c.C.[Tomcat].[localhost].[/] -- Initializing Spring embedded WebApplicationContext
2026-01-22 01:31:40.083 [main] INFO  o.s.b.w.s.c.ServletWebServerApplicationContext -- Root WebApplicationContext: initialization completed in 4104 ms
2026-01-22 01:31:40.527 [main] INFO  com.zaxxer.hikari.HikariDataSource -- HikariPool-1 - Starting...
2026-01-22 01:31:40.784 [main] INFO  com.zaxxer.hikari.pool.HikariPool -- HikariPool-1 - Added connection org.postgresql.jdbc.PgConnection@13192275
2026-01-22 01:31:40.789 [main] INFO  com.zaxxer.hikari.HikariDataSource -- HikariPool-1 - Start completed.
2026-01-22 01:31:40.888 [main] INFO  o.h.jpa.internal.util.LogHelper -- HHH000204: Processing PersistenceUnitInfo [name: default]
2026-01-22 01:31:41.027 [main] INFO  org.hibernate.Version -- HHH000412: Hibernate ORM core version 6.2.6.Final
2026-01-22 01:31:41.033 [main] INFO  org.hibernate.cfg.Environment -- HHH000406: Using bytecode reflection optimizer
2026-01-22 01:31:41.419 [main] INFO  o.h.b.i.BytecodeProviderInitiator -- HHH000021: Bytecode provider name : bytebuddy
2026-01-22 01:31:42.114 [main] INFO  o.s.o.j.p.SpringPersistenceUnitInfo -- No LoadTimeWeaver setup: ignoring JPA class transformer
2026-01-22 01:31:42.687 [main] INFO  o.h.b.i.BytecodeProviderInitiator -- HHH000021: Bytecode provider name : bytebuddy
2026-01-22 01:31:43.858 [main] INFO  o.h.e.t.j.p.i.JtaPlatformInitiator -- HHH000490: Using JtaPlatform implementation: [org.hibernate.engine.transaction.jta.platform.internal.NoJtaPlatform]
2026-01-22 01:31:44.073 [main] INFO  o.s.o.j.LocalContainerEntityManagerFactoryBean -- Initialized JPA EntityManagerFactory for persistence unit 'default'
2026-01-22 01:31:46.452 [main] WARN  o.s.b.a.o.j.JpaBaseConfiguration$JpaWebConfiguration -- spring.jpa.open-in-view is enabled by default. Therefore, database queries may be performed during view rendering. Explicitly configure spring.jpa.open-in-view to disable this warning
2026-01-22 01:31:49.311 [main] INFO  o.a.coyote.http11.Http11NioProtocol -- Starting ProtocolHandler ["http-nio-8080"]
2026-01-22 01:31:49.369 [main] INFO  o.s.b.w.e.tomcat.TomcatWebServer -- Tomcat started on port(s): 8080 (http) with context path ''
2026-01-22 01:31:49.407 [main] INFO  c.n.n.NewsserviceApplication -- Started NewsserviceApplication in 14.6 seconds (process running for 15.328)
2026-01-22 01:31:49.722 [http-nio-8080-exec-1] INFO  o.a.c.c.C.[Tomcat].[localhost].[/] -- Initializing Spring DispatcherServlet 'dispatcherServlet'
2026-01-22 01:31:49.722 [http-nio-8080-exec-1] INFO  o.s.web.servlet.DispatcherServlet -- Initializing Servlet 'dispatcherServlet'
2026-01-22 01:31:49.725 [http-nio-8080-exec-1] INFO  o.s.web.servlet.DispatcherServlet -- Completed initialization in 3 ms
2026-01-22 01:31:49.830 [http-nio-8080-exec-1] INFO  c.n.n.w.i.LoggingControllerInterceptor -- 
Request:
 method: DELETE,
 uri: /api/v1/news/2,
 query: null,
 session: 1250E93C660214A96B0CF97653FE7BAE

2026-01-22 01:31:49.898 [http-nio-8080-exec-1] INFO  c.n.n.aop.AuthUsernameAspect -- 
Check operation:
 username: Roza,
 nameMethod: delete,
 args: [2]

2026-01-22 01:31:50.173 [http-nio-8080-exec-1] INFO  c.n.n.w.i.LoggingControllerInterceptor -- 
Request:
 method: DELETE,
 uri: /api/v1/news/2,
 query: null,
 session: 1250E93C660214A96B0CF97653FE7BAE
Response:
 http code: 404

2026-01-22 01:31:50.442 [http-nio-8080-exec-3] INFO  o.a.coyote.http11.Http11Processor -- Error parsing HTTP request header
 Note: further occurrences of HTTP request parsing errors will be logged at DEBUG level.
java.lang.IllegalArgumentException: Invalid character found in method name [0x160x030x010x070x000x010x000x060xfc0x030x030xa0j0x1d0x860x940xda2{J0xae!0xa20xca*V0xdf0x840xd80x84i0x810xc620x13C&\C0xf00x86v0xc4 ]. HTTP method names must be tokens
	at org.apache.coyote.http11.Http11InputBuffer.parseRequestLine(Http11InputBuffer.java:407)
	at org.apache.coyote.http11.Http11Processor.service(Http11Processor.java:264)
	at org.apache.coyote.AbstractProcessorLight.process(AbstractProcessorLight.java:63)
	at org.apache.coyote.AbstractProtocol$ConnectionHandler.process(AbstractProtocol.java:894)
	at org.apache.tomcat.util.net.NioEndpoint$SocketProcessor.doRun(NioEndpoint.java:1740)
	at org.apache.tomcat.util.net.SocketProcessorBase.run(SocketProcessorBase.java:52)
	at org.apache.tomcat.util.threads.ThreadPoolExecutor.runWorker(ThreadPoolExecutor.java:1191)
	at org.apache.tomcat.util.threads.ThreadPoolExecutor$Worker.run(ThreadPoolExecutor.java:659)
	at org.apache.tomcat.util.threads.TaskThread$WrappingRunnable.run(TaskThread.java:61)
	at java.base/java.lang.Thread.run(Thread.java:1583)
2026-01-22 01:32:03.832 [http-nio-8080-exec-5] INFO  c.n.n.w.i.LoggingControllerInterceptor -- 
Request:
 method: PUT,
 uri: /api/v1/news/2,
 query: null,
 session: 1250E93C660214A96B0CF97653FE7BAE

2026-01-22 01:32:04.002 [http-nio-8080-exec-5] INFO  c.n.n.aop.AuthUsernameAspect -- 
Check operation:
 username: Roza,
 nameMethod: update,
 args: [News(id=2, text=Новость о выпуске новых автомобилей из Китая в 2026 году. В 2026 будет 10 новых марок., user=User(id=1, username=Roza, password=pass1234, firstName=Иван, secondName=Иванович, lastName=Иванов, email=ser@mail.ru, createAt=2026-01-21T17:35:27.860074Z, updateAt=2026-01-21T17:35:27.860074Z), category=Category(id=1, category=Горячие новости, createAt=2026-01-21T17:35:35.916132Z, updateAt=2026-01-21T17:35:35.916132Z), createAt=null, updateAt=null)]

2026-01-22 01:32:04.006 [http-nio-8080-exec-5] INFO  c.n.n.w.i.LoggingControllerInterceptor -- 
Request:
 method: PUT,
 uri: /api/v1/news/2,
 query: null,
 session: 1250E93C660214A96B0CF97653FE7BAE
Response:
 http code: 200

2026-01-22 01:32:04.008 [http-nio-8080-exec-5] ERROR o.a.c.c.C.[.[.[.[dispatcherServlet] -- Servlet.service() for servlet [dispatcherServlet] in context with path [] threw exception [Request processing failed: java.lang.ClassCastException: class com.news.newsservice.entity.News cannot be cast to class java.lang.Long (com.news.newsservice.entity.News is in unnamed module of loader 'app'; java.lang.Long is in module java.base of loader 'bootstrap')] with root cause
java.lang.ClassCastException: class com.news.newsservice.entity.News cannot be cast to class java.lang.Long (com.news.newsservice.entity.News is in unnamed module of loader 'app'; java.lang.Long is in module java.base of loader 'bootstrap')
	at com.news.newsservice.aop.AuthUsernameAspect.getId(AuthUsernameAspect.java:93)
	at com.news.newsservice.aop.AuthUsernameAspect.authUsernameForNewsBefore(AuthUsernameAspect.java:44)
	at java.base/jdk.internal.reflect.DirectMethodHandleAccessor.invoke(DirectMethodHandleAccessor.java:103)
	at java.base/java.lang.reflect.Method.invoke(Method.java:580)
	at org.springframework.aop.aspectj.AbstractAspectJAdvice.invokeAdviceMethodWithGivenArgs(AbstractAspectJAdvice.java:637)
	at org.springframework.aop.aspectj.AbstractAspectJAdvice.invokeAdviceMethod(AbstractAspectJAdvice.java:620)
	at org.springframework.aop.aspectj.AspectJMethodBeforeAdvice.before(AspectJMethodBeforeAdvice.java:44)
	at org.springframework.aop.framework.adapter.MethodBeforeAdviceInterceptor.invoke(MethodBeforeAdviceInterceptor.java:57)
	at org.springframework.aop.framework.ReflectiveMethodInvocation.proceed(ReflectiveMethodInvocation.java:173)
	at org.springframework.aop.framework.CglibAopProxy$CglibMethodInvocation.proceed(CglibAopProxy.java:756)
	at org.springframework.aop.interceptor.ExposeInvocationInterceptor.invoke(ExposeInvocationInterceptor.java:97)
	at org.springframework.aop.framework.ReflectiveMethodInvocation.proceed(ReflectiveMethodInvocation.java:184)
	at org.springframework.aop.framework.CglibAopProxy$CglibMethodInvocation.proceed(CglibAopProxy.java:756)
	at org.springframework.aop.framework.CglibAopProxy$DynamicAdvisedInterceptor.intercept(CglibAopProxy.java:708)
	at com.news.newsservice.service.impl.NewsServiceImpl$$SpringCGLIB$$0.update(<generated>)
	at com.news.newsservice.web.controller.v1.NewsController.update(NewsController.java:160)
	at java.base/jdk.internal.reflect.DirectMethodHandleAccessor.invoke(DirectMethodHandleAccessor.java:103)
	at java.base/java.lang.reflect.Method.invoke(Method.java:580)
	at org.springframework.web.method.support.InvocableHandlerMethod.doInvoke(InvocableHandlerMethod.java:205)
	at org.springframework.web.method.support.InvocableHandlerMethod.invokeForRequest(InvocableHandlerMethod.java:150)
	at org.springframework.web.servlet.mvc.method.annotation.ServletInvocableHandlerMethod.invokeAndHandle(ServletInvocableHandlerMethod.java:118)
	at org.springframework.web.servlet.mvc.method.annotation.RequestMappingHandlerAdapter.invokeHandlerMethod(RequestMappingHandlerAdapter.java:884)
	at org.springframework.web.servlet.mvc.method.annotation.RequestMappingHandlerAdapter.handleInternal(RequestMappingHandlerAdapter.java:797)
	at org.springframework.web.servlet.mvc.method.AbstractHandlerMethodAdapter.handle(AbstractHandlerMethodAdapter.java:87)
	at org.springframework.web.servlet.DispatcherServlet.doDispatch(DispatcherServlet.java:1081)
	at org.springframework.web.servlet.DispatcherServlet.doService(DispatcherServlet.java:974)
	at org.springframework.web.servlet.FrameworkServlet.processRequest(FrameworkServlet.java:1011)
	at org.springframework.web.servlet.FrameworkServlet.doPut(FrameworkServlet.java:925)
	at jakarta.servlet.http.HttpServlet.service(HttpServlet.java:593)
	at org.springframework.web.servlet.FrameworkServlet.service(FrameworkServlet.java:885)
	at jakarta.servlet.http.HttpServlet.service(HttpServlet.java:658)
	at org.apache.catalina.core.ApplicationFilterChain.internalDoFilter(ApplicationFilterChain.java:205)
	at org.apache.catalina.core.ApplicationFilterChain.doFilter(ApplicationFilterChain.java:149)
	at org.apache.tomcat.websocket.server.WsFilter.doFilter(WsFilter.java:51)
	at org.apache.catalina.core.ApplicationFilterChain.internalDoFilter(ApplicationFilterChain.java:174)
	at org.apache.catalina.core.ApplicationFilterChain.doFilter(ApplicationFilterChain.java:149)
	at org.springframework.web.servlet.resource.ResourceUrlEncodingFilter.doFilter(ResourceUrlEncodingFilter.java:66)
	at org.apache.catalina.core.ApplicationFilterChain.internalDoFilter(ApplicationFilterChain.java:174)
	at org.apache.catalina.core.ApplicationFilterChain.doFilter(ApplicationFilterChain.java:149)
	at org.springframework.web.filter.RequestContextFilter.doFilterInternal(RequestContextFilter.java:100)
	at org.springframework.web.filter.OncePerRequestFilter.doFilter(OncePerRequestFilter.java:116)
	at org.apache.catalina.core.ApplicationFilterChain.internalDoFilter(ApplicationFilterChain.java:174)
	at org.apache.catalina.core.ApplicationFilterChain.doFilter(ApplicationFilterChain.java:149)
	at org.springframework.web.filter.FormContentFilter.doFilterInternal(FormContentFilter.java:93)
	at org.springframework.web.filter.OncePerRequestFilter.doFilter(OncePerRequestFilter.java:116)
	at org.apache.catalina.core.ApplicationFilterChain.internalDoFilter(ApplicationFilterChain.java:174)
	at org.apache.catalina.core.ApplicationFilterChain.doFilter(ApplicationFilterChain.java:149)
	at org.springframework.web.filter.CharacterEncodingFilter.doFilterInternal(CharacterEncodingFilter.java:201)
	at org.springframework.web.filter.OncePerRequestFilter.doFilter(OncePerRequestFilter.java:116)
	at org.apache.catalina.core.ApplicationFilterChain.internalDoFilter(ApplicationFilterChain.java:174)
	at org.apache.catalina.core.ApplicationFilterChain.doFilter(ApplicationFilterChain.java:149)
	at org.apache.catalina.core.StandardWrapperValve.invoke(StandardWrapperValve.java:166)
	at org.apache.catalina.core.StandardContextValve.invoke(StandardContextValve.java:90)
	at org.apache.catalina.authenticator.AuthenticatorBase.invoke(AuthenticatorBase.java:482)
	at org.apache.catalina.core.StandardHostValve.invoke(StandardHostValve.java:115)
	at org.apache.catalina.valves.ErrorReportValve.invoke(ErrorReportValve.java:93)
	at org.apache.catalina.core.StandardEngineValve.invoke(StandardEngineValve.java:74)
	at org.apache.catalina.connector.CoyoteAdapter.service(CoyoteAdapter.java:341)
	at org.apache.coyote.http11.Http11Processor.service(Http11Processor.java:391)
	at org.apache.coyote.AbstractProcessorLight.process(AbstractProcessorLight.java:63)
	at org.apache.coyote.AbstractProtocol$ConnectionHandler.process(AbstractProtocol.java:894)
	at org.apache.tomcat.util.net.NioEndpoint$SocketProcessor.doRun(NioEndpoint.java:1740)
	at org.apache.tomcat.util.net.SocketProcessorBase.run(SocketProcessorBase.java:52)
	at org.apache.tomcat.util.threads.ThreadPoolExecutor.runWorker(ThreadPoolExecutor.java:1191)
	at org.apache.tomcat.util.threads.ThreadPoolExecutor$Worker.run(ThreadPoolExecutor.java:659)
	at org.apache.tomcat.util.threads.TaskThread$WrappingRunnable.run(TaskThread.java:61)
	at java.base/java.lang.Thread.run(Thread.java:1583)
2026-01-22 01:32:04.018 [http-nio-8080-exec-5] INFO  c.n.n.w.i.LoggingControllerInterceptor -- 
Request:
 method: PUT,
 uri: /error,
 query: null,
 session: 1250E93C660214A96B0CF97653FE7BAE

2026-01-22 01:32:04.047 [http-nio-8080-exec-5] INFO  c.n.n.w.i.LoggingControllerInterceptor -- 
Request:
 method: PUT,
 uri: /error,
 query: null,
 session: 1250E93C660214A96B0CF97653FE7BAE
Response:
 http code: 500

2026-01-22 01:36:33.664 [background-preinit] INFO  o.h.validator.internal.util.Version -- HV000001: Hibernate Validator 8.0.1.Final
2026-01-22 01:36:33.760 [main] INFO  c.n.n.NewsserviceApplication -- Starting NewsserviceApplication using Java 21.0.8 with PID 33396 (C:\Users\ULTRANB\IdeaProjects\Spring\newsservice\build\classes\java\main started by ULTRANB in C:\Users\ULTRANB\IdeaProjects\Spring\newsservice)
2026-01-22 01:36:33.762 [main] INFO  c.n.n.NewsserviceApplication -- No active profile set, falling back to 1 default profile: "default"
2026-01-22 01:36:35.445 [main] INFO  o.s.d.r.c.RepositoryConfigurationDelegate -- Bootstrapping Spring Data JPA repositories in DEFAULT mode.
2026-01-22 01:36:35.585 [main] INFO  o.s.d.r.c.RepositoryConfigurationDelegate -- Finished Spring Data repository scanning in 127 ms. Found 4 JPA repository interfaces.
2026-01-22 01:36:36.908 [main] INFO  o.s.b.w.e.tomcat.TomcatWebServer -- Tomcat initialized with port(s): 8080 (http)
2026-01-22 01:36:36.924 [main] INFO  o.a.coyote.http11.Http11NioProtocol -- Initializing ProtocolHandler ["http-nio-8080"]
2026-01-22 01:36:36.931 [main] INFO  o.a.catalina.core.StandardService -- Starting service [Tomcat]
2026-01-22 01:36:36.931 [main] INFO  o.a.catalina.core.StandardEngine -- Starting Servlet engine: [Apache Tomcat/10.1.11]
2026-01-22 01:36:37.155 [main] INFO  o.a.c.c.C.[Tomcat].[localhost].[/] -- Initializing Spring embedded WebApplicationContext
2026-01-22 01:36:37.156 [main] INFO  o.s.b.w.s.c.ServletWebServerApplicationContext -- Root WebApplicationContext: initialization completed in 3309 ms
2026-01-22 01:36:37.498 [main] INFO  com.zaxxer.hikari.HikariDataSource -- HikariPool-1 - Starting...
2026-01-22 01:36:37.736 [main] INFO  com.zaxxer.hikari.pool.HikariPool -- HikariPool-1 - Added connection org.postgresql.jdbc.PgConnection@13192275
2026-01-22 01:36:37.739 [main] INFO  com.zaxxer.hikari.HikariDataSource -- HikariPool-1 - Start completed.
2026-01-22 01:36:37.854 [main] INFO  o.h.jpa.internal.util.LogHelper -- HHH000204: Processing PersistenceUnitInfo [name: default]
2026-01-22 01:36:38.014 [main] INFO  org.hibernate.Version -- HHH000412: Hibernate ORM core version 6.2.6.Final
2026-01-22 01:36:38.017 [main] INFO  org.hibernate.cfg.Environment -- HHH000406: Using bytecode reflection optimizer
2026-01-22 01:36:38.353 [main] INFO  o.h.b.i.BytecodeProviderInitiator -- HHH000021: Bytecode provider name : bytebuddy
2026-01-22 01:36:38.614 [main] INFO  o.s.o.j.p.SpringPersistenceUnitInfo -- No LoadTimeWeaver setup: ignoring JPA class transformer
2026-01-22 01:36:39.085 [main] INFO  o.h.b.i.BytecodeProviderInitiator -- HHH000021: Bytecode provider name : bytebuddy
2026-01-22 01:36:40.166 [main] INFO  o.h.e.t.j.p.i.JtaPlatformInitiator -- HHH000490: Using JtaPlatform implementation: [org.hibernate.engine.transaction.jta.platform.internal.NoJtaPlatform]
2026-01-22 01:36:40.359 [main] INFO  o.s.o.j.LocalContainerEntityManagerFactoryBean -- Initialized JPA EntityManagerFactory for persistence unit 'default'
2026-01-22 01:36:41.378 [main] WARN  o.s.b.a.o.j.JpaBaseConfiguration$JpaWebConfiguration -- spring.jpa.open-in-view is enabled by default. Therefore, database queries may be performed during view rendering. Explicitly configure spring.jpa.open-in-view to disable this warning
2026-01-22 01:36:43.739 [main] INFO  o.a.coyote.http11.Http11NioProtocol -- Starting ProtocolHandler ["http-nio-8080"]
2026-01-22 01:36:43.786 [main] INFO  o.s.b.w.e.tomcat.TomcatWebServer -- Tomcat started on port(s): 8080 (http) with context path ''
2026-01-22 01:36:43.804 [main] INFO  c.n.n.NewsserviceApplication -- Started NewsserviceApplication in 11.014 seconds (process running for 11.799)
2026-01-22 01:36:48.219 [http-nio-8080-exec-2] INFO  o.a.c.c.C.[Tomcat].[localhost].[/] -- Initializing Spring DispatcherServlet 'dispatcherServlet'
2026-01-22 01:36:48.219 [http-nio-8080-exec-2] INFO  o.s.web.servlet.DispatcherServlet -- Initializing Servlet 'dispatcherServlet'
2026-01-22 01:36:48.221 [http-nio-8080-exec-2] INFO  o.s.web.servlet.DispatcherServlet -- Completed initialization in 1 ms
2026-01-22 01:36:48.284 [http-nio-8080-exec-2] INFO  c.n.n.w.i.LoggingControllerInterceptor -- 
Request:
 method: PUT,
 uri: /api/v1/news/2,
 query: null,
 session: 62A51F67A08E4BDA7247F5235F2A9105

2026-01-22 01:36:48.722 [http-nio-8080-exec-2] INFO  c.n.n.aop.AuthUsernameAspect -- 
Check operation:
 username: Roza,
 nameMethod: update,
 args: [News(id=2, text=Новость о выпуске новых автомобилей из Китая в 2026 году. В 2026 будет 10 новых марок., user=User(id=1, username=Roza, password=pass1234, firstName=Иван, secondName=Иванович, lastName=Иванов, email=ser@mail.ru, createAt=2026-01-21T17:35:27.860074Z, updateAt=2026-01-21T17:35:27.860074Z), category=Category(id=1, category=Горячие новости, createAt=2026-01-21T17:35:35.916132Z, updateAt=2026-01-21T17:35:35.916132Z), createAt=null, updateAt=null)]

2026-01-22 01:36:48.813 [http-nio-8080-exec-2] INFO  c.n.n.w.i.LoggingControllerInterceptor -- 
Request:
 method: PUT,
 uri: /api/v1/news/2,
 query: null,
 session: 62A51F67A08E4BDA7247F5235F2A9105
Response:
 http code: 404

2026-01-22 01:37:04.411 [http-nio-8080-exec-3] INFO  c.n.n.w.i.LoggingControllerInterceptor -- 
Request:
 method: PUT,
 uri: /api/v1/news/2,
 query: null,
 session: 62A51F67A08E4BDA7247F5235F2A9105

2026-01-22 01:37:04.431 [http-nio-8080-exec-3] INFO  c.n.n.aop.AuthUsernameAspect -- 
Check operation:
 username: null,
 nameMethod: update,
 args: [News(id=2, text=Новость о выпуске новых автомобилей из Китая в 2026 году. В 2026 будет 10 новых марок., user=User(id=1, username=Roza, password=pass1234, firstName=Иван, secondName=Иванович, lastName=Иванов, email=ser@mail.ru, createAt=2026-01-21T17:35:27.860074Z, updateAt=2026-01-21T17:35:27.860074Z), category=Category(id=1, category=Горячие новости, createAt=2026-01-21T17:35:35.916132Z, updateAt=2026-01-21T17:35:35.916132Z), createAt=null, updateAt=null)]

2026-01-22 01:37:04.434 [http-nio-8080-exec-3] INFO  c.n.n.w.i.LoggingControllerInterceptor -- 
Request:
 method: PUT,
 uri: /api/v1/news/2,
 query: null,
 session: 62A51F67A08E4BDA7247F5235F2A9105
Response:
 http code: 401

2026-01-22 01:39:20.811 [background-preinit] INFO  o.h.validator.internal.util.Version -- HV000001: Hibernate Validator 8.0.1.Final
2026-01-22 01:39:20.898 [main] INFO  c.n.n.NewsserviceApplication -- Starting NewsserviceApplication using Java 21.0.8 with PID 28856 (C:\Users\ULTRANB\IdeaProjects\Spring\newsservice\build\classes\java\main started by ULTRANB in C:\Users\ULTRANB\IdeaProjects\Spring\newsservice)
2026-01-22 01:39:20.900 [main] INFO  c.n.n.NewsserviceApplication -- No active profile set, falling back to 1 default profile: "default"
2026-01-22 01:39:23.436 [main] INFO  o.s.d.r.c.RepositoryConfigurationDelegate -- Bootstrapping Spring Data JPA repositories in DEFAULT mode.
2026-01-22 01:39:23.596 [main] INFO  o.s.d.r.c.RepositoryConfigurationDelegate -- Finished Spring Data repository scanning in 147 ms. Found 4 JPA repository interfaces.
2026-01-22 01:39:25.165 [main] INFO  o.s.b.w.e.tomcat.TomcatWebServer -- Tomcat initialized with port(s): 8080 (http)
2026-01-22 01:39:25.190 [main] INFO  o.a.coyote.http11.Http11NioProtocol -- Initializing ProtocolHandler ["http-nio-8080"]
2026-01-22 01:39:25.198 [main] INFO  o.a.catalina.core.StandardService -- Starting service [Tomcat]
2026-01-22 01:39:25.199 [main] INFO  o.a.catalina.core.StandardEngine -- Starting Servlet engine: [Apache Tomcat/10.1.11]
2026-01-22 01:39:25.468 [main] INFO  o.a.c.c.C.[Tomcat].[localhost].[/] -- Initializing Spring embedded WebApplicationContext
2026-01-22 01:39:25.468 [main] INFO  o.s.b.w.s.c.ServletWebServerApplicationContext -- Root WebApplicationContext: initialization completed in 4483 ms
2026-01-22 01:39:25.834 [main] INFO  com.zaxxer.hikari.HikariDataSource -- HikariPool-1 - Starting...
2026-01-22 01:39:26.060 [main] INFO  com.zaxxer.hikari.pool.HikariPool -- HikariPool-1 - Added connection org.postgresql.jdbc.PgConnection@4b4969ea
2026-01-22 01:39:26.064 [main] INFO  com.zaxxer.hikari.HikariDataSource -- HikariPool-1 - Start completed.
2026-01-22 01:39:26.133 [main] INFO  o.h.jpa.internal.util.LogHelper -- HHH000204: Processing PersistenceUnitInfo [name: default]
2026-01-22 01:39:26.242 [main] INFO  org.hibernate.Version -- HHH000412: Hibernate ORM core version 6.2.6.Final
2026-01-22 01:39:26.248 [main] INFO  org.hibernate.cfg.Environment -- HHH000406: Using bytecode reflection optimizer
2026-01-22 01:39:26.578 [main] INFO  o.h.b.i.BytecodeProviderInitiator -- HHH000021: Bytecode provider name : bytebuddy
2026-01-22 01:39:26.862 [main] INFO  o.s.o.j.p.SpringPersistenceUnitInfo -- No LoadTimeWeaver setup: ignoring JPA class transformer
2026-01-22 01:39:27.331 [main] INFO  o.h.b.i.BytecodeProviderInitiator -- HHH000021: Bytecode provider name : bytebuddy
2026-01-22 01:39:28.532 [main] INFO  o.h.e.t.j.p.i.JtaPlatformInitiator -- HHH000490: Using JtaPlatform implementation: [org.hibernate.engine.transaction.jta.platform.internal.NoJtaPlatform]
2026-01-22 01:39:28.721 [main] INFO  o.s.o.j.LocalContainerEntityManagerFactoryBean -- Initialized JPA EntityManagerFactory for persistence unit 'default'
2026-01-22 01:39:30.040 [main] WARN  o.s.b.a.o.j.JpaBaseConfiguration$JpaWebConfiguration -- spring.jpa.open-in-view is enabled by default. Therefore, database queries may be performed during view rendering. Explicitly configure spring.jpa.open-in-view to disable this warning
2026-01-22 01:39:32.739 [main] INFO  o.a.coyote.http11.Http11NioProtocol -- Starting ProtocolHandler ["http-nio-8080"]
2026-01-22 01:39:32.830 [main] INFO  o.s.b.w.e.tomcat.TomcatWebServer -- Tomcat started on port(s): 8080 (http) with context path ''
2026-01-22 01:39:32.878 [main] INFO  c.n.n.NewsserviceApplication -- Started NewsserviceApplication in 13.113 seconds (process running for 13.88)
2026-01-22 01:39:35.532 [http-nio-8080-exec-1] INFO  o.a.c.c.C.[Tomcat].[localhost].[/] -- Initializing Spring DispatcherServlet 'dispatcherServlet'
2026-01-22 01:39:35.533 [http-nio-8080-exec-1] INFO  o.s.web.servlet.DispatcherServlet -- Initializing Servlet 'dispatcherServlet'
2026-01-22 01:39:35.536 [http-nio-8080-exec-1] INFO  o.s.web.servlet.DispatcherServlet -- Completed initialization in 2 ms
2026-01-22 01:39:35.606 [http-nio-8080-exec-1] INFO  c.n.n.w.i.LoggingControllerInterceptor -- 
Request:
 method: PUT,
 uri: /api/v1/news/2,
 query: null,
 session: 1420DC143C0E9B7E02293580EFA4FDB4

2026-01-22 01:39:35.925 [http-nio-8080-exec-1] INFO  c.n.n.aop.AuthUsernameAspect -- 
Check operation:
 username: Ben,
 nameMethod: update,
 params: {id=2},
 args: [News(id=2, text=Новость о выпуске новых автомобилей из Китая в 2026 году. В 2026 будет 10 новых марок., user=User(id=1, username=Roza, password=pass1234, firstName=Иван, secondName=Иванович, lastName=Иванов, email=ser@mail.ru, createAt=2026-01-21T17:35:27.860074Z, updateAt=2026-01-21T17:35:27.860074Z), category=Category(id=1, category=Горячие новости, createAt=2026-01-21T17:35:35.916132Z, updateAt=2026-01-21T17:35:35.916132Z), createAt=null, updateAt=null)]

2026-01-22 01:39:35.977 [http-nio-8080-exec-1] INFO  c.n.n.w.i.LoggingControllerInterceptor -- 
Request:
 method: PUT,
 uri: /api/v1/news/2,
 query: null,
 session: 1420DC143C0E9B7E02293580EFA4FDB4
Response:
 http code: 404

2026-01-22 01:39:40.759 [http-nio-8080-exec-3] INFO  c.n.n.w.i.LoggingControllerInterceptor -- 
Request:
 method: PUT,
 uri: /api/v1/news/2,
 query: null,
 session: 1420DC143C0E9B7E02293580EFA4FDB4

2026-01-22 01:39:40.773 [http-nio-8080-exec-3] INFO  c.n.n.aop.AuthUsernameAspect -- 
Check operation:
 username: null,
 nameMethod: update,
 params: {id=2},
 args: [News(id=2, text=Новость о выпуске новых автомобилей из Китая в 2026 году. В 2026 будет 10 новых марок., user=User(id=1, username=Roza, password=pass1234, firstName=Иван, secondName=Иванович, lastName=Иванов, email=ser@mail.ru, createAt=2026-01-21T17:35:27.860074Z, updateAt=2026-01-21T17:35:27.860074Z), category=Category(id=1, category=Горячие новости, createAt=2026-01-21T17:35:35.916132Z, updateAt=2026-01-21T17:35:35.916132Z), createAt=null, updateAt=null)]

2026-01-22 01:39:40.776 [http-nio-8080-exec-3] INFO  c.n.n.w.i.LoggingControllerInterceptor -- 
Request:
 method: PUT,
 uri: /api/v1/news/2,
 query: null,
 session: 1420DC143C0E9B7E02293580EFA4FDB4
Response:
 http code: 401

2026-01-22 01:40:22.907 [http-nio-8080-exec-6] INFO  c.n.n.w.i.LoggingControllerInterceptor -- 
Request:
 method: PUT,
 uri: /api/v1/news/1,
 query: null,
 session: 1420DC143C0E9B7E02293580EFA4FDB4

2026-01-22 01:40:22.922 [http-nio-8080-exec-6] INFO  c.n.n.aop.AuthUsernameAspect -- 
Check operation:
 username: Ben,
 nameMethod: update,
 params: {id=1},
 args: [News(id=1, text=Новость о выпуске новых автомобилей из Китая в 2026 году. В 2026 будет 10 новых марок., user=User(id=1, username=Roza, password=pass1234, firstName=Иван, secondName=Иванович, lastName=Иванов, email=ser@mail.ru, createAt=2026-01-21T17:35:27.860074Z, updateAt=2026-01-21T17:35:27.860074Z), category=Category(id=1, category=Горячие новости, createAt=2026-01-21T17:35:35.916132Z, updateAt=2026-01-21T17:35:35.916132Z), createAt=null, updateAt=null)]

2026-01-22 01:40:22.943 [http-nio-8080-exec-6] INFO  c.n.n.w.i.LoggingControllerInterceptor -- 
Request:
 method: PUT,
 uri: /api/v1/news/1,
 query: null,
 session: 1420DC143C0E9B7E02293580EFA4FDB4
Response:
 http code: 401

2026-01-22 01:40:41.111 [http-nio-8080-exec-5] INFO  c.n.n.w.i.LoggingControllerInterceptor -- 
Request:
 method: DELETE,
 uri: /api/v1/news/1,
 query: null,
 session: 1420DC143C0E9B7E02293580EFA4FDB4

2026-01-22 01:40:41.114 [http-nio-8080-exec-5] INFO  c.n.n.aop.AuthUsernameAspect -- 
Check operation:
 username: null,
 nameMethod: delete,
 params: {id=1},
 args: [1]

2026-01-22 01:40:41.117 [http-nio-8080-exec-5] INFO  c.n.n.w.i.LoggingControllerInterceptor -- 
Request:
 method: DELETE,
 uri: /api/v1/news/1,
 query: null,
 session: 1420DC143C0E9B7E02293580EFA4FDB4
Response:
 http code: 401

2026-01-22 01:40:53.483 [http-nio-8080-exec-4] INFO  c.n.n.w.i.LoggingControllerInterceptor -- 
Request:
 method: DELETE,
 uri: /api/v1/news/1,
 query: null,
 session: 1420DC143C0E9B7E02293580EFA4FDB4

2026-01-22 01:40:53.484 [http-nio-8080-exec-4] INFO  c.n.n.aop.AuthUsernameAspect -- 
Check operation:
 username: Ben,
 nameMethod: delete,
 params: {id=1},
 args: [1]

2026-01-22 01:40:53.503 [http-nio-8080-exec-4] INFO  c.n.n.w.i.LoggingControllerInterceptor -- 
Request:
 method: DELETE,
 uri: /api/v1/news/1,
 query: null,
 session: 1420DC143C0E9B7E02293580EFA4FDB4
Response:
 http code: 401

2026-01-22 01:41:07.677 [http-nio-8080-exec-7] INFO  c.n.n.w.i.LoggingControllerInterceptor -- 
Request:
 method: DELETE,
 uri: /api/v1/comment/1,
 query: null,
 session: 1420DC143C0E9B7E02293580EFA4FDB4

2026-01-22 01:41:07.679 [http-nio-8080-exec-7] INFO  c.n.n.aop.AuthUsernameAspect -- 
Check operation:
 username: null,
 nameMethod: delete,
 params: {id=1},
 args: [1]

2026-01-22 01:41:07.681 [http-nio-8080-exec-7] INFO  c.n.n.w.i.LoggingControllerInterceptor -- 
Request:
 method: DELETE,
 uri: /api/v1/comment/1,
 query: null,
 session: 1420DC143C0E9B7E02293580EFA4FDB4
Response:
 http code: 401

2026-01-22 01:50:31.971 [background-preinit] INFO  o.h.validator.internal.util.Version -- HV000001: Hibernate Validator 8.0.1.Final
2026-01-22 01:50:32.061 [main] INFO  c.n.n.NewsserviceApplication -- Starting NewsserviceApplication using Java 21.0.8 with PID 21016 (C:\Users\ULTRANB\IdeaProjects\Spring\newsservice\build\classes\java\main started by ULTRANB in C:\Users\ULTRANB\IdeaProjects\Spring\newsservice)
2026-01-22 01:50:32.062 [main] INFO  c.n.n.NewsserviceApplication -- No active profile set, falling back to 1 default profile: "default"
2026-01-22 01:50:34.352 [main] INFO  o.s.d.r.c.RepositoryConfigurationDelegate -- Bootstrapping Spring Data JPA repositories in DEFAULT mode.
2026-01-22 01:50:34.485 [main] INFO  o.s.d.r.c.RepositoryConfigurationDelegate -- Finished Spring Data repository scanning in 122 ms. Found 4 JPA repository interfaces.
2026-01-22 01:50:36.004 [main] INFO  o.s.b.w.e.tomcat.TomcatWebServer -- Tomcat initialized with port(s): 8080 (http)
2026-01-22 01:50:36.024 [main] INFO  o.a.coyote.http11.Http11NioProtocol -- Initializing ProtocolHandler ["http-nio-8080"]
2026-01-22 01:50:36.029 [main] INFO  o.a.catalina.core.StandardService -- Starting service [Tomcat]
2026-01-22 01:50:36.030 [main] INFO  o.a.catalina.core.StandardEngine -- Starting Servlet engine: [Apache Tomcat/10.1.11]
2026-01-22 01:50:36.233 [main] INFO  o.a.c.c.C.[Tomcat].[localhost].[/] -- Initializing Spring embedded WebApplicationContext
2026-01-22 01:50:36.234 [main] INFO  o.s.b.w.s.c.ServletWebServerApplicationContext -- Root WebApplicationContext: initialization completed in 4086 ms
2026-01-22 01:50:36.536 [main] INFO  com.zaxxer.hikari.HikariDataSource -- HikariPool-1 - Starting...
2026-01-22 01:50:36.773 [main] INFO  com.zaxxer.hikari.pool.HikariPool -- HikariPool-1 - Added connection org.postgresql.jdbc.PgConnection@79195c22
2026-01-22 01:50:36.777 [main] INFO  com.zaxxer.hikari.HikariDataSource -- HikariPool-1 - Start completed.
2026-01-22 01:50:36.857 [main] INFO  o.h.jpa.internal.util.LogHelper -- HHH000204: Processing PersistenceUnitInfo [name: default]
2026-01-22 01:50:37.001 [main] INFO  org.hibernate.Version -- HHH000412: Hibernate ORM core version 6.2.6.Final
2026-01-22 01:50:37.006 [main] INFO  org.hibernate.cfg.Environment -- HHH000406: Using bytecode reflection optimizer
2026-01-22 01:50:37.329 [main] INFO  o.h.b.i.BytecodeProviderInitiator -- HHH000021: Bytecode provider name : bytebuddy
2026-01-22 01:50:37.604 [main] INFO  o.s.o.j.p.SpringPersistenceUnitInfo -- No LoadTimeWeaver setup: ignoring JPA class transformer
2026-01-22 01:50:38.211 [main] INFO  o.h.b.i.BytecodeProviderInitiator -- HHH000021: Bytecode provider name : bytebuddy
2026-01-22 01:50:39.335 [main] INFO  o.h.e.t.j.p.i.JtaPlatformInitiator -- HHH000490: Using JtaPlatform implementation: [org.hibernate.engine.transaction.jta.platform.internal.NoJtaPlatform]
2026-01-22 01:50:39.513 [main] INFO  o.s.o.j.LocalContainerEntityManagerFactoryBean -- Initialized JPA EntityManagerFactory for persistence unit 'default'
2026-01-22 01:50:40.686 [main] WARN  o.s.b.a.o.j.JpaBaseConfiguration$JpaWebConfiguration -- spring.jpa.open-in-view is enabled by default. Therefore, database queries may be performed during view rendering. Explicitly configure spring.jpa.open-in-view to disable this warning
2026-01-22 01:50:43.061 [main] INFO  o.a.coyote.http11.Http11NioProtocol -- Starting ProtocolHandler ["http-nio-8080"]
2026-01-22 01:50:43.108 [main] INFO  o.s.b.w.e.tomcat.TomcatWebServer -- Tomcat started on port(s): 8080 (http) with context path ''
2026-01-22 01:50:43.148 [main] INFO  c.n.n.NewsserviceApplication -- Started NewsserviceApplication in 12.142 seconds (process running for 12.752)
2026-01-22 01:51:00.648 [http-nio-8080-exec-1] INFO  o.a.c.c.C.[Tomcat].[localhost].[/] -- Initializing Spring DispatcherServlet 'dispatcherServlet'
2026-01-22 01:51:00.649 [http-nio-8080-exec-1] INFO  o.s.web.servlet.DispatcherServlet -- Initializing Servlet 'dispatcherServlet'
2026-01-22 01:51:00.651 [http-nio-8080-exec-1] INFO  o.s.web.servlet.DispatcherServlet -- Completed initialization in 2 ms
2026-01-22 01:51:00.714 [http-nio-8080-exec-1] INFO  c.n.n.w.i.LoggingControllerInterceptor -- 
Request:
 method: GET,
 uri: /swagger-ui/index.html,
 query: null,
 session: ED28616624664FB591C09B20B9B54F76

2026-01-22 01:51:00.740 [http-nio-8080-exec-1] INFO  c.n.n.w.i.LoggingControllerInterceptor -- 
Request:
 method: GET,
 uri: /swagger-ui/index.html,
 query: null,
 session: ED28616624664FB591C09B20B9B54F76
Response:
 http code: 304

2026-01-22 01:51:00.860 [http-nio-8080-exec-2] INFO  c.n.n.w.i.LoggingControllerInterceptor -- 
Request:
 method: GET,
 uri: /swagger-ui/swagger-ui.css,
 query: null,
 session: ED28616624664FB591C09B20B9B54F76

2026-01-22 01:51:00.865 [http-nio-8080-exec-2] INFO  c.n.n.w.i.LoggingControllerInterceptor -- 
Request:
 method: GET,
 uri: /swagger-ui/swagger-ui.css,
 query: null,
 session: ED28616624664FB591C09B20B9B54F76
Response:
 http code: 304

2026-01-22 01:51:00.927 [http-nio-8080-exec-3] INFO  c.n.n.w.i.LoggingControllerInterceptor -- 
Request:
 method: GET,
 uri: /swagger-ui/index.css,
 query: null,
 session: ED28616624664FB591C09B20B9B54F76

2026-01-22 01:51:00.929 [http-nio-8080-exec-5] INFO  c.n.n.w.i.LoggingControllerInterceptor -- 
Request:
 method: GET,
 uri: /swagger-ui/swagger-ui-bundle.js,
 query: null,
 session: ED28616624664FB591C09B20B9B54F76

2026-01-22 01:51:00.929 [http-nio-8080-exec-4] INFO  c.n.n.w.i.LoggingControllerInterceptor -- 
Request:
 method: GET,
 uri: /swagger-ui/swagger-ui-standalone-preset.js,
 query: null,
 session: ED28616624664FB591C09B20B9B54F76

2026-01-22 01:51:00.930 [http-nio-8080-exec-3] INFO  c.n.n.w.i.LoggingControllerInterceptor -- 
Request:
 method: GET,
 uri: /swagger-ui/index.css,
 query: null,
 session: ED28616624664FB591C09B20B9B54F76
Response:
 http code: 304

2026-01-22 01:51:00.932 [http-nio-8080-exec-4] INFO  c.n.n.w.i.LoggingControllerInterceptor -- 
Request:
 method: GET,
 uri: /swagger-ui/swagger-ui-standalone-preset.js,
 query: null,
 session: ED28616624664FB591C09B20B9B54F76
Response:
 http code: 304

2026-01-22 01:51:00.932 [http-nio-8080-exec-5] INFO  c.n.n.w.i.LoggingControllerInterceptor -- 
Request:
 method: GET,
 uri: /swagger-ui/swagger-ui-bundle.js,
 query: null,
 session: ED28616624664FB591C09B20B9B54F76
Response:
 http code: 304

2026-01-22 01:51:00.932 [http-nio-8080-exec-6] INFO  c.n.n.w.i.LoggingControllerInterceptor -- 
Request:
 method: GET,
 uri: /swagger-ui/swagger-initializer.js,
 query: null,
 session: ED28616624664FB591C09B20B9B54F76

2026-01-22 01:51:00.998 [http-nio-8080-exec-6] INFO  c.n.n.w.i.LoggingControllerInterceptor -- 
Request:
 method: GET,
 uri: /swagger-ui/swagger-initializer.js,
 query: null,
 session: ED28616624664FB591C09B20B9B54F76
Response:
 http code: 200

2026-01-22 01:51:01.288 [http-nio-8080-exec-7] INFO  c.n.n.w.i.LoggingControllerInterceptor -- 
Request:
 method: GET,
 uri: /v3/api-docs/swagger-config,
 query: null,
 session: ED28616624664FB591C09B20B9B54F76

2026-01-22 01:51:01.291 [http-nio-8080-exec-8] INFO  c.n.n.w.i.LoggingControllerInterceptor -- 
Request:
 method: GET,
 uri: /swagger-ui/favicon-32x32.png,
 query: null,
 session: ED28616624664FB591C09B20B9B54F76

2026-01-22 01:51:01.294 [http-nio-8080-exec-8] INFO  c.n.n.w.i.LoggingControllerInterceptor -- 
Request:
 method: GET,
 uri: /swagger-ui/favicon-32x32.png,
 query: null,
 session: ED28616624664FB591C09B20B9B54F76
Response:
 http code: 304

2026-01-22 01:51:01.327 [http-nio-8080-exec-7] INFO  c.n.n.w.i.LoggingControllerInterceptor -- 
Request:
 method: GET,
 uri: /v3/api-docs/swagger-config,
 query: null,
 session: ED28616624664FB591C09B20B9B54F76
Response:
 http code: 200

2026-01-22 01:51:01.361 [http-nio-8080-exec-9] INFO  c.n.n.w.i.LoggingControllerInterceptor -- 
Request:
 method: GET,
 uri: /v3/api-docs,
 query: null,
 session: ED28616624664FB591C09B20B9B54F76

2026-01-22 01:51:02.456 [http-nio-8080-exec-9] INFO  o.s.api.AbstractOpenApiResource -- Init duration for springdoc-openapi is: 1077 ms
2026-01-22 01:51:02.575 [http-nio-8080-exec-9] INFO  c.n.n.w.i.LoggingControllerInterceptor -- 
Request:
 method: GET,
 uri: /v3/api-docs,
 query: null,
 session: ED28616624664FB591C09B20B9B54F76
Response:
 http code: 200

2026-01-22 01:51:05.665 [http-nio-8080-exec-10] INFO  c.n.n.w.i.LoggingControllerInterceptor -- 
Request:
 method: GET,
 uri: /swagger-ui/index.html,
 query: null,
 session: ED28616624664FB591C09B20B9B54F76

2026-01-22 01:51:05.668 [http-nio-8080-exec-10] INFO  c.n.n.w.i.LoggingControllerInterceptor -- 
Request:
 method: GET,
 uri: /swagger-ui/index.html,
 query: null,
 session: ED28616624664FB591C09B20B9B54F76
Response:
 http code: 304

2026-01-22 01:51:05.744 [http-nio-8080-exec-1] INFO  c.n.n.w.i.LoggingControllerInterceptor -- 
Request:
 method: GET,
 uri: /swagger-ui/swagger-initializer.js,
 query: null,
 session: ED28616624664FB591C09B20B9B54F76

2026-01-22 01:51:05.749 [http-nio-8080-exec-1] INFO  c.n.n.w.i.LoggingControllerInterceptor -- 
Request:
 method: GET,
 uri: /swagger-ui/swagger-initializer.js,
 query: null,
 session: ED28616624664FB591C09B20B9B54F76
Response:
 http code: 200

2026-01-22 01:51:05.929 [http-nio-8080-exec-2] INFO  c.n.n.w.i.LoggingControllerInterceptor -- 
Request:
 method: GET,
 uri: /v3/api-docs/swagger-config,
 query: null,
 session: ED28616624664FB591C09B20B9B54F76

2026-01-22 01:51:05.932 [http-nio-8080-exec-2] INFO  c.n.n.w.i.LoggingControllerInterceptor -- 
Request:
 method: GET,
 uri: /v3/api-docs/swagger-config,
 query: null,
 session: ED28616624664FB591C09B20B9B54F76
Response:
 http code: 200

2026-01-22 01:51:05.970 [http-nio-8080-exec-3] INFO  c.n.n.w.i.LoggingControllerInterceptor -- 
Request:
 method: GET,
 uri: /v3/api-docs,
 query: null,
 session: ED28616624664FB591C09B20B9B54F76

2026-01-22 01:51:05.987 [http-nio-8080-exec-3] INFO  c.n.n.w.i.LoggingControllerInterceptor -- 
Request:
 method: GET,
 uri: /v3/api-docs,
 query: null,
 session: ED28616624664FB591C09B20B9B54F76
Response:
 http code: 200

2026-01-22 01:51:59.615 [http-nio-8080-exec-4] INFO  o.a.coyote.http11.Http11Processor -- Error parsing HTTP request header
 Note: further occurrences of HTTP request parsing errors will be logged at DEBUG level.
java.lang.IllegalArgumentException: Invalid character found in method name [0x160x030x010x060xa00x010x000x060x9c0x030x03b0xb7$0xd1m0xde0xda&0xf20xd60xee60xe8F0xab0xdf0x190x0fv0x820xc10xf7}0xf4F0xc70xb00xdd;0x8a0x890xca ]. HTTP method names must be tokens
	at org.apache.coyote.http11.Http11InputBuffer.parseRequestLine(Http11InputBuffer.java:407)
	at org.apache.coyote.http11.Http11Processor.service(Http11Processor.java:264)
	at org.apache.coyote.AbstractProcessorLight.process(AbstractProcessorLight.java:63)
	at org.apache.coyote.AbstractProtocol$ConnectionHandler.process(AbstractProtocol.java:894)
	at org.apache.tomcat.util.net.NioEndpoint$SocketProcessor.doRun(NioEndpoint.java:1740)
	at org.apache.tomcat.util.net.SocketProcessorBase.run(SocketProcessorBase.java:52)
	at org.apache.tomcat.util.threads.ThreadPoolExecutor.runWorker(ThreadPoolExecutor.java:1191)
	at org.apache.tomcat.util.threads.ThreadPoolExecutor$Worker.run(ThreadPoolExecutor.java:659)
	at org.apache.tomcat.util.threads.TaskThread$WrappingRunnable.run(TaskThread.java:61)
	at java.base/java.lang.Thread.run(Thread.java:1583)
